<?xml version="1.0" encoding="UTF-8"?>
<!-- Generated by org.testng.reporters.JUnitReportReporter -->
<testsuite hostname="PRIYADARSHANM" failures="0" tests="1" name="testscripts.BaseLibrary" time="18.865" errors="0" timestamp="2022-05-26T17:03:41 IST" skipped="0">
  <testcase classname="testscripts.BaseLibrary" name="testApp" time="18.865"/>
  <system-out/>
</testsuite> <!-- testscripts.BaseLibrary -->
