<?xml version="1.0" encoding="UTF-8"?>
<!-- Generated by org.testng.reporters.JUnitReportReporter -->
<testsuite hostname="PRIYADARSHANM" failures="0" tests="1" name="testscripts.lambdatest" time="4.367" errors="0" timestamp="2022-05-11T17:49:45 IST" skipped="0">
  <testcase classname="testscripts.lambdatest" name="testSimple" time="4.367"/>
  <system-out/>
</testsuite> <!-- testscripts.lambdatest -->
