<?xml version="1.0" encoding="UTF-8"?>
<!-- Generated by org.testng.reporters.JUnitReportReporter -->
<testsuite hostname="PRIYADARSHANM" failures="0" tests="1" name="testscripts.DriverScript" time="23.272" errors="0" timestamp="2022-05-26T17:47:12 IST" skipped="0">
  <testcase classname="testscripts.DriverScript" name="testApp" time="23.272"/>
  <system-out/>
</testsuite> <!-- testscripts.DriverScript -->
