<?xml version="1.0" encoding="UTF-8"?>
<!-- Generated by org.testng.reporters.JUnitReportReporter -->
<testsuite hostname="Priyadarshan-PC" failures="0" tests="1" name="util.SendMail" time="55.909" errors="0" timestamp="2021-11-05T16:46:38 IST" skipped="0">
  <testcase classname="util.SendMail" name="testApp" time="55.909"/>
  <system-out/>
</testsuite> <!-- util.SendMail -->
