<?xml version="1.0" encoding="UTF-8"?>
<!-- Generated by org.testng.reporters.JUnitReportReporter -->
<testsuite hostname="Priyadarshan-PC" failures="0" tests="1" name="testscripts.Keywords" time="100.517" errors="0" timestamp="2021-11-05T14:22:18 IST" skipped="0">
  <testcase classname="testscripts.Keywords" name="testApp" time="100.517"/>
  <system-out/>
</testsuite> <!-- testscripts.Keywords -->
